[00:00:05] [Server thread/INFO] [net.minecraft.server.dedicated.DedicatedServer]: <TenMouse> donde esta lo del horno
[00:00:24] [Server thread/INFO] [net.minecraft.server.dedicated.DedicatedServer]: <Rapariga> en el cofre de afuera
[00:15:10] [Server thread/INFO] [tombstone]: The death event of the player TenMouse was cancelled by another mod
[00:15:10] [Server thread/INFO] [tombstone]: TenMouse has successfully been saved
[00:15:17] [Server thread/WARN] [net.minecraft.network.NetHandlerPlayServer]: TenMouse moved too quickly! 9.370489303979355,3.149999864399433,-2.53233376574849
[00:33:40] [Server thread/INFO] [ebwizardry]: Deleted enchanted book with illegal enchantments
[00:42:25] [Server thread/WARN] [twilightforest]: Dropping inventory items previously held in reserve for player TenMouse
[00:42:25] [Server thread/INFO] [tombstone]: The death event of the player TenMouse was cancelled by another mod
[00:42:25] [Server thread/INFO] [tombstone]: TenMouse has successfully been saved
[01:00:51] [Server thread/INFO] [net.minecraft.server.dedicated.DedicatedServer]: Rapariga was slain by Zombie Miner
[01:00:51] [Server thread/INFO] [tombstone]: The last known grave of Rapariga is at location [name:Last Grave, x:491, y:63, z:743] in the dimension 0
[01:00:51] [Server thread/INFO] [tombstone]: Rapariga has successfully been saved
[01:01:06] [Server thread/INFO] [ebwizardry]: Sending global donation perk settings to Rapariga
[01:01:25] [Server thread/INFO] [net.minecraft.server.dedicated.DedicatedServer]: Rapariga got revenge on Zombie Miner
[01:04:01] [Server thread/WARN] [net.minecraft.network.NetHandlerPlayServer]: TenMouse moved wrongly!
[01:04:40] [Server thread/INFO] [ebwizardry]: Sending global donation perk settings to Rapariga
[01:04:40] [Server thread/INFO] [ebwizardry]: Synchronising spell emitters for Rapariga
[01:04:40] [Server thread/WARN] [net.minecraft.network.NetHandlerPlayServer]: Rapariga moved too quickly! -466.9725802635262,-21.0,-628.997205257508
[01:06:25] [Server thread/INFO] [ebwizardry]: Synchronising advancements for Rapariga
[01:06:25] [Server thread/INFO] [ebwizardry]: Synchronising advancements for Rapariga
[01:06:44] [Server thread/INFO] [net.minecraft.server.dedicated.DedicatedServer]: TenMouse's Zombie burned to death
[01:07:29] [Server thread/INFO] [ebwizardry]: Synchronising advancements for Rapariga
[01:07:29] [Server thread/INFO] [ebwizardry]: Synchronising advancements for Rapariga
[01:07:36] [Server thread/INFO] [net.minecraft.server.dedicated.DedicatedServer]: Rapariga was shot by Zombie Pigman Soldier
[01:07:36] [Server thread/INFO] [tombstone]: The last known grave of Rapariga is at location [name:Last Grave, x:121, y:34, z:236] in the dimension -1
[01:07:36] [Server thread/INFO] [tombstone]: Rapariga has successfully been saved
[01:07:37] [Server thread/INFO] [ebwizardry]: Sending global donation perk settings to Rapariga
[01:07:53] [Server thread/INFO] [ebwizardry]: Sending global donation perk settings to Rapariga
[01:07:53] [Server thread/INFO] [ebwizardry]: Synchronising spell emitters for Rapariga
[01:08:35] [Server thread/INFO] [ebwizardry]: Sending global donation perk settings to Rapariga
[01:08:35] [Server thread/INFO] [ebwizardry]: Synchronising spell emitters for Rapariga
[01:10:17] [Server thread/INFO] [net.minecraft.network.NetHandlerPlayServer]: TenMouse lost connection: Timed out
[01:10:17] [Server thread/INFO] [net.minecraft.server.dedicated.DedicatedServer]: TenMouse left the game
[01:10:17] [Server thread/WARN] [twilightforest]: Dropping inventory items previously held in reserve for player TenMouse
[01:16:58] [Server thread/INFO] [mca]: Villager death: Noemi. Caused by: Werewolf. UUID: 14773e89-ead6-42e0-aec8-9d8aab5a7147
